<?xml version="1.0" encoding="UTF-8"?>
<testsuite name="com.yelstream.topp.standard.microprofile.config.source.FixedMapConfigSourceTest" tests="7" skipped="0" failures="0" errors="0" timestamp="2024-06-20T08:20:54" hostname="LPCP2563" time="0.032">
  <properties/>
  <testcase name="carriesNullPropertyValues()" classname="com.yelstream.topp.standard.microprofile.config.source.FixedMapConfigSourceTest" time="0.022"/>
  <testcase name="toBuilder()" classname="com.yelstream.topp.standard.microprofile.config.source.FixedMapConfigSourceTest" time="0.001"/>
  <testcase name="create()" classname="com.yelstream.topp.standard.microprofile.config.source.FixedMapConfigSourceTest" time="0.001"/>
  <testcase name="createByBuilderWithPropertyMethods()" classname="com.yelstream.topp.standard.microprofile.config.source.FixedMapConfigSourceTest" time="0.001"/>
  <testcase name="createByBuilder()" classname="com.yelstream.topp.standard.microprofile.config.source.FixedMapConfigSourceTest" time="0.001"/>
  <testcase name="createByBuilderWithAllSet()" classname="com.yelstream.topp.standard.microprofile.config.source.FixedMapConfigSourceTest" time="0.0"/>
  <testcase name="immutableProperties()" classname="com.yelstream.topp.standard.microprofile.config.source.FixedMapConfigSourceTest" time="0.001"/>
  <system-out><![CDATA[]]></system-out>
  <system-err><![CDATA[]]></system-err>
</testsuite>
