<?xml version="1.0" encoding="UTF-8"?>
<testsuite name="com.yelstream.topp.standard.microprofile.config.source.DynamicMapConfigSourceTest" tests="8" skipped="0" failures="0" errors="0" timestamp="2024-06-20T08:20:54" hostname="LPCP2563" time="0.013">
  <properties/>
  <testcase name="mutableName()" classname="com.yelstream.topp.standard.microprofile.config.source.DynamicMapConfigSourceTest" time="0.003"/>
  <testcase name="carriesNullPropertyValues()" classname="com.yelstream.topp.standard.microprofile.config.source.DynamicMapConfigSourceTest" time="0.001"/>
  <testcase name="create()" classname="com.yelstream.topp.standard.microprofile.config.source.DynamicMapConfigSourceTest" time="0.002"/>
  <testcase name="createByBuilderWithPropertyMethods()" classname="com.yelstream.topp.standard.microprofile.config.source.DynamicMapConfigSourceTest" time="0.001"/>
  <testcase name="createByBuilder()" classname="com.yelstream.topp.standard.microprofile.config.source.DynamicMapConfigSourceTest" time="0.001"/>
  <testcase name="createByBuilderWithAllSet()" classname="com.yelstream.topp.standard.microprofile.config.source.DynamicMapConfigSourceTest" time="0.001"/>
  <testcase name="mutableOrdinal()" classname="com.yelstream.topp.standard.microprofile.config.source.DynamicMapConfigSourceTest" time="0.001"/>
  <testcase name="mutableProperties()" classname="com.yelstream.topp.standard.microprofile.config.source.DynamicMapConfigSourceTest" time="0.002"/>
  <system-out><![CDATA[]]></system-out>
  <system-err><![CDATA[]]></system-err>
</testsuite>
