<?xml version="1.0" encoding="UTF-8"?>
<testsuite name="com.yelstream.topp.standard.microprofile.config.source.OverrideConfigSourceTest" tests="10" skipped="0" failures="0" errors="0" timestamp="2024-06-20T08:20:54" hostname="LPCP2563" time="0.029">
  <properties/>
  <testcase name="createOverrideOfName()" classname="com.yelstream.topp.standard.microprofile.config.source.OverrideConfigSourceTest" time="0.006"/>
  <testcase name="mutableName()" classname="com.yelstream.topp.standard.microprofile.config.source.OverrideConfigSourceTest" time="0.001"/>
  <testcase name="carriesNullPropertyValues()" classname="com.yelstream.topp.standard.microprofile.config.source.OverrideConfigSourceTest" time="0.001"/>
  <testcase name="create()" classname="com.yelstream.topp.standard.microprofile.config.source.OverrideConfigSourceTest" time="0.002"/>
  <testcase name="createByBuilderWithPropertyMethods()" classname="com.yelstream.topp.standard.microprofile.config.source.OverrideConfigSourceTest" time="0.001"/>
  <testcase name="createByBuilder()" classname="com.yelstream.topp.standard.microprofile.config.source.OverrideConfigSourceTest" time="0.001"/>
  <testcase name="createByBuilderWithAllSet()" classname="com.yelstream.topp.standard.microprofile.config.source.OverrideConfigSourceTest" time="0.001"/>
  <testcase name="createOverrideOfOrdinal()" classname="com.yelstream.topp.standard.microprofile.config.source.OverrideConfigSourceTest" time="0.001"/>
  <testcase name="mutableOrdinal()" classname="com.yelstream.topp.standard.microprofile.config.source.OverrideConfigSourceTest" time="0.012"/>
  <testcase name="mutableProperties()" classname="com.yelstream.topp.standard.microprofile.config.source.OverrideConfigSourceTest" time="0.001"/>
  <system-out><![CDATA[]]></system-out>
  <system-err><![CDATA[]]></system-err>
</testsuite>
