<?xml version="1.0" encoding="UTF-8"?>
<testsuite name="com.yelstream.topp.standard.load.resource.name.LocationsTest" tests="4" skipped="0" failures="0" errors="0" timestamp="2025-07-01T23:38:27.269Z" hostname="DESKTOP-KI53BD9" time="0.066">
  <properties/>
  <testcase name="testContainerNames()" classname="com.yelstream.topp.standard.load.resource.name.LocationsTest" time="0.04"/>
  <testcase name="testRootNames()" classname="com.yelstream.topp.standard.load.resource.name.LocationsTest" time="0.002"/>
  <testcase name="testNormalization()" classname="com.yelstream.topp.standard.load.resource.name.LocationsTest" time="0.008"/>
  <testcase name="testContentNames()" classname="com.yelstream.topp.standard.load.resource.name.LocationsTest" time="0.001"/>
  <system-out><![CDATA[]]></system-out>
  <system-err><![CDATA[]]></system-err>
</testsuite>
